[2019-10-23 14:59:26] app.INFO: Home page action dispatched [] {"uid":"aaa33c6"}
[2019-10-24 08:28:38] app.INFO: Home page action dispatched [] {"uid":"c3f4c7e"}
[2019-10-24 08:39:38] app.INFO: Home page action dispatched [] {"uid":"27550e6"}
[2019-10-24 08:39:42] app.INFO: Home page action dispatched [] {"uid":"c788603"}
[2019-10-24 08:39:51] app.INFO: Home page action dispatched [] {"uid":"6d2309b"}
[2019-10-24 08:43:55] app.INFO: Magazine Controller :showMagazine [] {"uid":"9886f69"}
[2019-10-24 09:28:25] app.INFO: Magazine Controller :__invoke [] {"uid":"d6f7ed3"}
[2019-10-24 09:28:31] app.INFO: Magazine Controller :showAllMagazine [] {"uid":"6346525"}
[2019-10-24 09:31:14] app.INFO: Magazine Controller :showAllMagazine [] {"uid":"74c5d3a"}
[2019-10-24 09:31:31] app.INFO: Magazine Controller :__invoke [] {"uid":"108a8e8"}
[2019-10-24 09:34:51] app.INFO: Magazine Controller :showAllMagazine [] {"uid":"f54f5bd"}
[2019-10-24 09:34:51] app.INFO: Magazine Controller :__invoke [] {"uid":"b5615c5"}
[2019-10-24 09:34:52] app.INFO: Magazine Controller :showAllMagazine [] {"uid":"3997845"}
[2019-10-24 09:35:08] app.INFO: Magazine Controller :showAllMagazine [] {"uid":"0c39417"}
[2019-10-24 09:35:20] app.INFO: Magazine Controller :showAllMagazine [] {"uid":"2e42390"}
[2019-10-24 09:49:55] app.INFO: Magazine Controller :showAllMagazine [] {"uid":"c14ab70"}
[2019-10-24 09:50:50] app.INFO: Magazine Controller :showAllMagazine [] {"uid":"4eb8dd7"}
[2019-10-24 09:51:30] app.INFO: Magazine Controller :showAllMagazine [] {"uid":"1b62719"}
[2019-10-24 09:51:31] app.INFO: Magazine Controller :addMagazine [] {"uid":"4500d1e"}
[2019-10-24 09:52:17] app.INFO: Magazine Controller :showAllMagazine [] {"uid":"d8590a7"}
[2019-10-24 09:52:22] app.INFO: Magazine Controller :showMagazine [] {"uid":"4cfe872"}
[2019-10-24 09:55:22] app.INFO: Magazine Controller :showAllMagazine [] {"uid":"5b85374"}
[2019-10-24 09:55:22] app.INFO: Magazine Controller :addMagazine [] {"uid":"9f2dfeb"}
[2019-10-24 10:00:09] app.INFO: Magazine Controller :showAllMagazine [] {"uid":"f4eaf30"}
[2019-10-24 10:00:09] app.INFO: Magazine Controller :addMagazine [] {"uid":"5fdb0cf"}
[2019-10-24 10:00:43] app.INFO: Magazine Controller :showAllMagazine [] {"uid":"b58f978"}
[2019-10-24 10:00:43] app.INFO: Magazine Controller :addMagazine [] {"uid":"6d3ba55"}
[2019-10-24 10:01:53] app.INFO: Magazine Controller :showAllMagazine [] {"uid":"263afed"}
[2019-10-24 10:01:53] app.INFO: Magazine Controller :addMagazine [] {"uid":"a17074e"}
[2019-10-24 10:02:14] app.INFO: Magazine Controller :showAllMagazine [] {"uid":"02ec821"}
[2019-10-24 10:02:15] app.INFO: Magazine Controller :addMagazine [] {"uid":"3e8a66d"}
[2019-10-24 10:02:57] app.INFO: Magazine Controller :showAllMagazine [] {"uid":"122881c"}
[2019-10-24 10:02:57] app.INFO: Magazine Controller :addMagazine [] {"uid":"08b1a7d"}
[2019-10-24 10:10:17] app.INFO: Magazine Controller :showAllMagazine [] {"uid":"d227c29"}
[2019-10-24 10:10:17] app.INFO: Magazine Controller :addMagazine [] {"uid":"d8919d4"}
[2019-10-24 10:10:17] app.INFO: Magazine Controller :addMagazine [] {"uid":"c764d71"}
[2019-10-24 10:11:08] app.INFO: Magazine Controller :showAllMagazine [] {"uid":"2e5cc9f"}
[2019-10-24 10:11:08] app.INFO: Magazine Controller :addMagazine [] {"uid":"31dddbb"}
[2019-10-24 10:12:20] app.INFO: Magazine Controller :addMagazine [] {"uid":"b60b3fd"}
[2019-10-24 10:14:38] app.INFO: Magazine Controller :showAllMagazine [] {"uid":"f59dff1"}
[2019-10-24 10:14:39] app.INFO: Magazine Controller :addMagazine [] {"uid":"459d606"}
[2019-10-24 10:15:08] app.INFO: Magazine Controller :showAllMagazine [] {"uid":"073dda1"}
[2019-10-24 10:15:08] app.INFO: Magazine Controller :addMagazine [] {"uid":"1c58cd7"}
[2019-10-24 10:16:16] app.INFO: Magazine Controller :showAllMagazine [] {"uid":"3c30043"}
[2019-10-24 10:16:16] app.INFO: Magazine Controller :addMagazine [] {"uid":"da814a9"}
[2019-10-24 10:16:42] app.INFO: Magazine Controller :addMagazine [] {"uid":"a0c994c"}
[2019-10-24 10:25:44] app.INFO: Magazine Controller :addMagazine [] {"uid":"7626ae0"}
[2019-10-24 10:38:38] app.INFO: Magazine Controller :showAllMagazine [] {"uid":"71b6847"}
[2019-10-24 10:38:40] app.INFO: Magazine Controller :addMagazine [] {"uid":"1e92de5"}
[2019-10-24 10:44:59] app.INFO: Magazine Controller :addMagazine [] {"uid":"99ac974"}
[2019-10-24 11:32:35] app.INFO: Magazine Controller :addMagazine [] {"uid":"96c7d53"}
[2019-10-24 11:34:03] app.INFO: Magazine Controller :addMagazine [] {"uid":"89c308f"}
[2019-10-24 11:37:51] app.INFO: Magazine Controller :addMagazine [] {"uid":"cc2f651"}
[2019-10-24 11:38:14] app.INFO: Magazine Controller :addMagazine [] {"uid":"d350f4c"}
[2019-10-24 11:39:01] app.INFO: Magazine Controller :showAllMagazine [] {"uid":"59dfa97"}
[2019-10-24 11:39:01] app.INFO: Magazine Controller :addMagazine [] {"uid":"bf5c9f3"}
[2019-10-24 11:40:05] app.INFO: Magazine Controller :addMagazine [] {"uid":"bd82bae"}
[2019-10-24 13:01:54] app.INFO: Magazine Controller :showAllMagazine [] {"uid":"26722c5"}
[2019-10-24 13:02:00] app.INFO: Magazine Controller :showAllMagazine [] {"uid":"b219256"}
[2019-10-24 13:02:00] app.INFO: Magazine Controller :addMagazine [] {"uid":"7816226"}
[2019-10-24 13:02:46] app.INFO: Magazine Controller :showAllMagazine [] {"uid":"53d5388"}
[2019-10-24 13:02:47] app.INFO: Magazine Controller :addMagazine [] {"uid":"970288a"}
[2019-10-24 13:03:19] app.INFO: Magazine Controller :showAllMagazine [] {"uid":"571eba5"}
[2019-10-24 13:03:19] app.INFO: Magazine Controller :addMagazine [] {"uid":"388e021"}
[2019-10-24 13:06:04] app.INFO: Magazine Controller :showAllMagazine [] {"uid":"353d2bb"}
[2019-10-24 13:06:04] app.INFO: Magazine Controller :addMagazine [] {"uid":"f2c4a2f"}
[2019-10-24 13:06:57] app.INFO: Magazine Controller :addMagazine [] {"uid":"a2c1898"}
[2019-10-24 13:08:11] app.INFO: Magazine Controller :showMagazine [] {"uid":"b6cd61e"}
[2019-10-24 13:08:14] app.INFO: Magazine Controller :showMagazine [] {"uid":"9b7f277"}
[2019-10-24 13:08:16] app.INFO: Magazine Controller :showMagazine [] {"uid":"6d3ea6d"}
[2019-10-24 13:08:17] app.INFO: Magazine Controller :showMagazine [] {"uid":"950ef0f"}
[2019-10-24 13:08:41] app.INFO: Magazine Controller :showMagazine [] {"uid":"f557a57"}
[2019-10-24 13:09:42] app.INFO: Magazine Controller :showMagazine [] {"uid":"d55a372"}
[2019-10-24 13:10:56] app.INFO: Magazine Controller :showMagazine [] {"uid":"156bd5d"}
[2019-10-24 13:11:53] app.INFO: Magazine Controller :addMagazine [] {"uid":"bf3cc82"}
[2019-10-24 13:12:02] app.INFO: Magazine Controller :showAllMagazine [] {"uid":"4b6a0fb"}
[2019-10-24 13:12:11] app.INFO: Magazine Controller :showAllMagazine [] {"uid":"2270d6f"}
[2019-10-24 13:13:58] app.INFO: Magazine Controller :addMagazine [] {"uid":"f9f6d43"}
[2019-10-24 13:14:06] app.INFO: Magazine Controller :showAllMagazine [] {"uid":"566efc2"}
[2019-10-24 13:14:19] app.INFO: Magazine Controller :showAllMagazine [] {"uid":"041cd3f"}
[2019-10-24 13:14:38] app.INFO: Magazine Controller :showAllMagazine [] {"uid":"fbad058"}
[2019-10-24 13:14:38] app.INFO: Magazine Controller :addMagazine [] {"uid":"fd29edd"}
[2019-10-24 13:15:12] app.INFO: Magazine Controller :showAllMagazine [] {"uid":"8176ff5"}
[2019-10-24 13:15:12] app.INFO: Magazine Controller :addMagazine [] {"uid":"feee7ee"}
[2019-10-24 13:17:34] app.INFO: Magazine Controller :showAllMagazine [] {"uid":"03d30ff"}
[2019-10-24 13:17:34] app.INFO: Magazine Controller :addMagazine [] {"uid":"09663ba"}
[2019-10-24 13:17:40] app.INFO: Magazine Controller :showAllMagazine [] {"uid":"f97c8fa"}
[2019-10-24 13:17:40] app.INFO: Magazine Controller :addMagazine [] {"uid":"496c989"}
[2019-10-24 13:22:25] app.INFO: Magazine Controller :showAllMagazine [] {"uid":"b1c5479"}
[2019-10-24 13:22:25] app.INFO: Magazine Controller :addMagazine [] {"uid":"9589960"}
[2019-10-24 13:24:10] app.INFO: Magazine Controller :addMagazine [] {"uid":"ddb81f2"}
[2019-10-24 13:24:48] app.INFO: Magazine Controller :showAllMagazine [] {"uid":"81fc0ef"}
[2019-10-24 13:24:49] app.INFO: Magazine Controller :addMagazine [] {"uid":"a7f12c7"}
[2019-10-24 13:25:09] app.INFO: Magazine Controller :showAllMagazine [] {"uid":"6b96178"}
[2019-10-24 13:26:23] app.INFO: Magazine Controller :showAllMagazine [] {"uid":"61550ce"}
[2019-10-24 13:26:23] app.INFO: Magazine Controller :addMagazine [] {"uid":"4cbc770"}
[2019-10-24 13:43:24] app.INFO: Magazine Controller :showAllMagazine [] {"uid":"dc724e9"}
[2019-10-24 13:43:25] app.INFO: Magazine Controller :addMagazine [] {"uid":"8fe057a"}
[2019-10-24 13:43:48] app.INFO: Magazine Controller :showAllMagazine [] {"uid":"f4cb794"}
[2019-10-24 13:43:48] app.INFO: Magazine Controller :addMagazine [] {"uid":"afae06b"}
[2019-10-24 13:44:34] app.INFO: Magazine Controller :showAllMagazine [] {"uid":"aedd123"}
[2019-10-24 13:44:34] app.INFO: Magazine Controller :addMagazine [] {"uid":"f077a5a"}
[2019-10-24 13:45:40] app.INFO: Magazine Controller :showAllMagazine [] {"uid":"6a4ecbf"}
[2019-10-24 13:45:40] app.INFO: Magazine Controller :addMagazine [] {"uid":"f2dfe57"}
[2019-10-24 13:47:50] app.INFO: Magazine Controller :showAllMagazine [] {"uid":"4296de1"}
[2019-10-24 13:51:30] app.INFO: Magazine Controller :showAllMagazine [] {"uid":"062f11a"}
[2019-10-24 13:52:18] app.INFO: Magazine Controller :addMagazine [] {"uid":"d38b0b4"}
[2019-10-24 14:10:14] app.INFO: Magazine Controller :showAllMagazine [] {"uid":"74cb040"}
[2019-10-24 14:10:14] app.INFO: Magazine Controller :showAllMagazine [] {"uid":"9502a78"}
